<?xml version="1.0" encoding="UTF-8"?>
<testng-results ignored="12" total="16" passed="4" failed="0" skipped="0">
  <reporter-output>
  </reporter-output>
  <suite started-at="2021-04-24T18:09:13 CDT" name="Suite" finished-at="2021-04-24T18:09:44 CDT" duration-ms="31365">
    <groups>
    </groups>
    <test started-at="2021-04-24T18:09:13 CDT" name="Test" finished-at="2021-04-24T18:09:44 CDT" duration-ms="31365">
      <class name="com.qa.orangeHRM.testcases.AddingJobTitleTest">
        <test-method is-config="true" signature="beforeClass()[pri:0, instance:com.qa.orangeHRM.testcases.AddingJobTitleTest@a5b0b86]" started-at="2021-04-24T18:09:18 CDT" name="beforeClass" finished-at="2021-04-24T18:09:18 CDT" duration-ms="0" status="PASS">
          <reporter-output>
          </reporter-output>
        </test-method> <!-- beforeClass -->
        <test-method is-config="true" signature="beforeMethod(java.lang.String,java.lang.reflect.Method)[pri:0, instance:com.qa.orangeHRM.testcases.AddingJobTitleTest@a5b0b86]" started-at="2021-04-24T18:09:18 CDT" name="beforeMethod" finished-at="2021-04-24T18:09:20 CDT" duration-ms="2089" status="PASS">
          <params>
            <param index="0">
              <value>
                <![CDATA[Chrome]]>
              </value>
            </param>
            <param index="1">
              <value>
                <![CDATA[public void com.qa.orangeHRM.testcases.AddingJobTitleTest.VerifyAddingJobTitle() throws java.io.IOException]]>
              </value>
            </param>
          </params>
          <reporter-output>
          </reporter-output>
        </test-method> <!-- beforeMethod -->
        <test-method signature="VerifyAddingJobTitle()[pri:0, instance:com.qa.orangeHRM.testcases.AddingJobTitleTest@a5b0b86]" started-at="2021-04-24T18:09:20 CDT" name="VerifyAddingJobTitle" finished-at="2021-04-24T18:09:27 CDT" duration-ms="6408" status="PASS">
          <reporter-output>
          </reporter-output>
        </test-method> <!-- VerifyAddingJobTitle -->
        <test-method is-config="true" signature="afterMethod()[pri:0, instance:com.qa.orangeHRM.testcases.AddingJobTitleTest@a5b0b86]" started-at="2021-04-24T18:09:27 CDT" name="afterMethod" finished-at="2021-04-24T18:09:27 CDT" duration-ms="619" status="PASS">
          <reporter-output>
          </reporter-output>
        </test-method> <!-- afterMethod -->
        <test-method is-config="true" signature="afterClass()[pri:0, instance:com.qa.orangeHRM.testcases.AddingJobTitleTest@a5b0b86]" started-at="2021-04-24T18:09:27 CDT" name="afterClass" finished-at="2021-04-24T18:09:27 CDT" duration-ms="0" status="PASS">
          <reporter-output>
          </reporter-output>
        </test-method> <!-- afterClass -->
      </class> <!-- com.qa.orangeHRM.testcases.AddingJobTitleTest -->
      <class name="com.qa.orangeHRM.testcases.AddingPayGrades">
        <test-method is-config="true" signature="beforeClass()[pri:0, instance:com.qa.orangeHRM.testcases.AddingPayGrades@4b3c354a]" started-at="2021-04-24T18:09:27 CDT" name="beforeClass" finished-at="2021-04-24T18:09:27 CDT" duration-ms="0" status="PASS">
          <reporter-output>
          </reporter-output>
        </test-method> <!-- beforeClass -->
        <test-method is-config="true" signature="beforeMethod(java.lang.String,java.lang.reflect.Method)[pri:0, instance:com.qa.orangeHRM.testcases.AddingPayGrades@4b3c354a]" started-at="2021-04-24T18:09:27 CDT" name="beforeMethod" finished-at="2021-04-24T18:09:29 CDT" duration-ms="1995" status="PASS">
          <params>
            <param index="0">
              <value>
                <![CDATA[Chrome]]>
              </value>
            </param>
            <param index="1">
              <value>
                <![CDATA[public void com.qa.orangeHRM.testcases.AddingPayGrades.addingpayGrades()]]>
              </value>
            </param>
          </params>
          <reporter-output>
          </reporter-output>
        </test-method> <!-- beforeMethod -->
        <test-method signature="addingpayGrades()[pri:0, instance:com.qa.orangeHRM.testcases.AddingPayGrades@4b3c354a]" started-at="2021-04-24T18:09:29 CDT" name="addingpayGrades" finished-at="2021-04-24T18:09:36 CDT" duration-ms="6977" status="PASS">
          <reporter-output>
          </reporter-output>
        </test-method> <!-- addingpayGrades -->
        <test-method is-config="true" signature="afterMethod()[pri:0, instance:com.qa.orangeHRM.testcases.AddingPayGrades@4b3c354a]" started-at="2021-04-24T18:09:36 CDT" name="afterMethod" finished-at="2021-04-24T18:09:37 CDT" duration-ms="610" status="PASS">
          <reporter-output>
          </reporter-output>
        </test-method> <!-- afterMethod -->
        <test-method is-config="true" signature="afterClass()[pri:0, instance:com.qa.orangeHRM.testcases.AddingPayGrades@4b3c354a]" started-at="2021-04-24T18:09:37 CDT" name="afterClass" finished-at="2021-04-24T18:09:37 CDT" duration-ms="0" status="PASS">
          <reporter-output>
          </reporter-output>
        </test-method> <!-- afterClass -->
      </class> <!-- com.qa.orangeHRM.testcases.AddingPayGrades -->
      <class name="com.qa.orangeHRM.testcases.LoginTest">
        <test-method is-config="true" signature="beforeSuite()[pri:0, instance:com.qa.orangeHRM.testcases.LoginTest@7bc10d84]" started-at="2021-04-24T18:09:13 CDT" name="beforeSuite" finished-at="2021-04-24T18:09:13 CDT" duration-ms="99" status="PASS">
          <reporter-output>
          </reporter-output>
        </test-method> <!-- beforeSuite -->
        <test-method is-config="true" signature="beforeTest()[pri:0, instance:com.qa.orangeHRM.testcases.LoginTest@7bc10d84]" started-at="2021-04-24T18:09:13 CDT" name="beforeTest" finished-at="2021-04-24T18:09:13 CDT" duration-ms="1" status="PASS">
          <reporter-output>
          </reporter-output>
        </test-method> <!-- beforeTest -->
        <test-method is-config="true" signature="beforeClass()[pri:0, instance:com.qa.orangeHRM.testcases.LoginTest@7bc10d84]" started-at="2021-04-24T18:09:13 CDT" name="beforeClass" finished-at="2021-04-24T18:09:13 CDT" duration-ms="0" status="PASS">
          <reporter-output>
          </reporter-output>
        </test-method> <!-- beforeClass -->
        <test-method is-config="true" signature="beforeMethod(java.lang.String,java.lang.reflect.Method)[pri:0, instance:com.qa.orangeHRM.testcases.LoginTest@7bc10d84]" started-at="2021-04-24T18:09:13 CDT" name="beforeMethod" finished-at="2021-04-24T18:09:16 CDT" duration-ms="2986" status="PASS">
          <params>
            <param index="0">
              <value>
                <![CDATA[Chrome]]>
              </value>
            </param>
            <param index="1">
              <value>
                <![CDATA[public void com.qa.orangeHRM.testcases.LoginTest.VerifyLoginFunctionality() throws java.io.IOException]]>
              </value>
            </param>
          </params>
          <reporter-output>
          </reporter-output>
        </test-method> <!-- beforeMethod -->
        <test-method signature="VerifyLoginFunctionality()[pri:0, instance:com.qa.orangeHRM.testcases.LoginTest@7bc10d84]" started-at="2021-04-24T18:09:16 CDT" name="VerifyLoginFunctionality" finished-at="2021-04-24T18:09:18 CDT" duration-ms="1622" status="PASS">
          <reporter-output>
          </reporter-output>
        </test-method> <!-- VerifyLoginFunctionality -->
        <test-method is-config="true" signature="afterMethod()[pri:0, instance:com.qa.orangeHRM.testcases.LoginTest@7bc10d84]" started-at="2021-04-24T18:09:18 CDT" name="afterMethod" finished-at="2021-04-24T18:09:18 CDT" duration-ms="615" status="PASS">
          <reporter-output>
          </reporter-output>
        </test-method> <!-- afterMethod -->
        <test-method is-config="true" signature="afterClass()[pri:0, instance:com.qa.orangeHRM.testcases.LoginTest@7bc10d84]" started-at="2021-04-24T18:09:18 CDT" name="afterClass" finished-at="2021-04-24T18:09:18 CDT" duration-ms="0" status="PASS">
          <reporter-output>
          </reporter-output>
        </test-method> <!-- afterClass -->
        <test-method is-config="true" signature="afterTest()[pri:0, instance:com.qa.orangeHRM.testcases.LoginTest@7bc10d84]" started-at="2021-04-24T18:09:44 CDT" name="afterTest" finished-at="2021-04-24T18:09:44 CDT" duration-ms="0" status="PASS">
          <reporter-output>
          </reporter-output>
        </test-method> <!-- afterTest -->
        <test-method is-config="true" signature="afterSuite()[pri:0, instance:com.qa.orangeHRM.testcases.LoginTest@7bc10d84]" started-at="2021-04-24T18:09:44 CDT" name="afterSuite" finished-at="2021-04-24T18:09:44 CDT" duration-ms="191" status="PASS">
          <reporter-output>
          </reporter-output>
        </test-method> <!-- afterSuite -->
      </class> <!-- com.qa.orangeHRM.testcases.LoginTest -->
      <class name="com.qa.orangeHRM.testcases.EmpFileUpload">
        <test-method is-config="true" signature="beforeMethod(java.lang.String,java.lang.reflect.Method)[pri:0, instance:com.qa.orangeHRM.testcases.EmpFileUpload@78fb9a67]" started-at="2021-04-24T18:09:37 CDT" name="beforeMethod" finished-at="2021-04-24T18:09:39 CDT" duration-ms="1998" status="PASS">
          <params>
            <param index="0">
              <value>
                <![CDATA[Chrome]]>
              </value>
            </param>
            <param index="1">
              <value>
                <![CDATA[public void com.qa.orangeHRM.testcases.EmpFileUpload.EmpFileUpload()]]>
              </value>
            </param>
          </params>
          <reporter-output>
          </reporter-output>
        </test-method> <!-- beforeMethod -->
        <test-method is-config="true" signature="beforeClass()[pri:0, instance:com.qa.orangeHRM.testcases.EmpFileUpload@78fb9a67]" started-at="2021-04-24T18:09:37 CDT" name="beforeClass" finished-at="2021-04-24T18:09:37 CDT" duration-ms="0" status="PASS">
          <reporter-output>
          </reporter-output>
        </test-method> <!-- beforeClass -->
        <test-method signature="EmpFileUpload()[pri:0, instance:com.qa.orangeHRM.testcases.EmpFileUpload@78fb9a67]" started-at="2021-04-24T18:09:39 CDT" name="EmpFileUpload" finished-at="2021-04-24T18:09:44 CDT" duration-ms="4793" status="PASS">
          <reporter-output>
          </reporter-output>
        </test-method> <!-- EmpFileUpload -->
        <test-method is-config="true" signature="afterMethod()[pri:0, instance:com.qa.orangeHRM.testcases.EmpFileUpload@78fb9a67]" started-at="2021-04-24T18:09:44 CDT" name="afterMethod" finished-at="2021-04-24T18:09:44 CDT" duration-ms="611" status="PASS">
          <reporter-output>
          </reporter-output>
        </test-method> <!-- afterMethod -->
        <test-method is-config="true" signature="afterClass()[pri:0, instance:com.qa.orangeHRM.testcases.EmpFileUpload@78fb9a67]" started-at="2021-04-24T18:09:44 CDT" name="afterClass" finished-at="2021-04-24T18:09:44 CDT" duration-ms="0" status="PASS">
          <reporter-output>
          </reporter-output>
        </test-method> <!-- afterClass -->
      </class> <!-- com.qa.orangeHRM.testcases.EmpFileUpload -->
    </test> <!-- Test -->
  </suite> <!-- Suite -->
</testng-results>
