<?xml version="1.0" encoding="UTF-8"?>
<testng-results ignored="12" total="16" passed="4" failed="0" skipped="0">
  <reporter-output>
  </reporter-output>
  <suite started-at="2021-04-29T20:45:27 CDT" name="Suite" finished-at="2021-04-29T20:45:57 CDT" duration-ms="29804">
    <groups>
    </groups>
    <test started-at="2021-04-29T20:45:27 CDT" name="Test" finished-at="2021-04-29T20:45:57 CDT" duration-ms="29804">
      <class name="com.qa.orangeHRM.testcases.AddingJobTitleTest">
        <test-method is-config="true" signature="beforeClass()[pri:0, instance:com.qa.orangeHRM.testcases.AddingJobTitleTest@78fb9a67]" started-at="2021-04-29T20:45:32 CDT" name="beforeClass" finished-at="2021-04-29T20:45:32 CDT" duration-ms="0" status="PASS">
          <reporter-output>
          </reporter-output>
        </test-method> <!-- beforeClass -->
        <test-method is-config="true" signature="beforeMethod(java.lang.String,java.lang.reflect.Method)[pri:0, instance:com.qa.orangeHRM.testcases.AddingJobTitleTest@78fb9a67]" started-at="2021-04-29T20:45:32 CDT" name="beforeMethod" finished-at="2021-04-29T20:45:33 CDT" duration-ms="1848" status="PASS">
          <params>
            <param index="0">
              <value>
                <![CDATA[Chrome]]>
              </value>
            </param>
            <param index="1">
              <value>
                <![CDATA[public void com.qa.orangeHRM.testcases.AddingJobTitleTest.VerifyAddingJobTitle() throws java.io.IOException]]>
              </value>
            </param>
          </params>
          <reporter-output>
          </reporter-output>
        </test-method> <!-- beforeMethod -->
        <test-method signature="VerifyAddingJobTitle()[pri:0, instance:com.qa.orangeHRM.testcases.AddingJobTitleTest@78fb9a67]" started-at="2021-04-29T20:45:33 CDT" name="VerifyAddingJobTitle" finished-at="2021-04-29T20:45:40 CDT" duration-ms="6330" status="PASS">
          <reporter-output>
          </reporter-output>
        </test-method> <!-- VerifyAddingJobTitle -->
        <test-method is-config="true" signature="afterMethod()[pri:0, instance:com.qa.orangeHRM.testcases.AddingJobTitleTest@78fb9a67]" started-at="2021-04-29T20:45:40 CDT" name="afterMethod" finished-at="2021-04-29T20:45:40 CDT" duration-ms="627" status="PASS">
          <reporter-output>
          </reporter-output>
        </test-method> <!-- afterMethod -->
        <test-method is-config="true" signature="afterClass()[pri:0, instance:com.qa.orangeHRM.testcases.AddingJobTitleTest@78fb9a67]" started-at="2021-04-29T20:45:40 CDT" name="afterClass" finished-at="2021-04-29T20:45:40 CDT" duration-ms="0" status="PASS">
          <reporter-output>
          </reporter-output>
        </test-method> <!-- afterClass -->
      </class> <!-- com.qa.orangeHRM.testcases.AddingJobTitleTest -->
      <class name="com.qa.orangeHRM.testcases.AddingPayGrades">
        <test-method is-config="true" signature="beforeClass()[pri:0, instance:com.qa.orangeHRM.testcases.AddingPayGrades@73ff4fae]" started-at="2021-04-29T20:45:40 CDT" name="beforeClass" finished-at="2021-04-29T20:45:40 CDT" duration-ms="0" status="PASS">
          <reporter-output>
          </reporter-output>
        </test-method> <!-- beforeClass -->
        <test-method is-config="true" signature="beforeMethod(java.lang.String,java.lang.reflect.Method)[pri:0, instance:com.qa.orangeHRM.testcases.AddingPayGrades@73ff4fae]" started-at="2021-04-29T20:45:40 CDT" name="beforeMethod" finished-at="2021-04-29T20:45:42 CDT" duration-ms="1977" status="PASS">
          <params>
            <param index="0">
              <value>
                <![CDATA[Chrome]]>
              </value>
            </param>
            <param index="1">
              <value>
                <![CDATA[public void com.qa.orangeHRM.testcases.AddingPayGrades.addingpayGrades()]]>
              </value>
            </param>
          </params>
          <reporter-output>
          </reporter-output>
        </test-method> <!-- beforeMethod -->
        <test-method signature="addingpayGrades()[pri:0, instance:com.qa.orangeHRM.testcases.AddingPayGrades@73ff4fae]" started-at="2021-04-29T20:45:42 CDT" name="addingpayGrades" finished-at="2021-04-29T20:45:49 CDT" duration-ms="6206" status="PASS">
          <reporter-output>
          </reporter-output>
        </test-method> <!-- addingpayGrades -->
        <test-method is-config="true" signature="afterMethod()[pri:0, instance:com.qa.orangeHRM.testcases.AddingPayGrades@73ff4fae]" started-at="2021-04-29T20:45:49 CDT" name="afterMethod" finished-at="2021-04-29T20:45:49 CDT" duration-ms="618" status="PASS">
          <reporter-output>
          </reporter-output>
        </test-method> <!-- afterMethod -->
        <test-method is-config="true" signature="afterClass()[pri:0, instance:com.qa.orangeHRM.testcases.AddingPayGrades@73ff4fae]" started-at="2021-04-29T20:45:49 CDT" name="afterClass" finished-at="2021-04-29T20:45:49 CDT" duration-ms="1" status="PASS">
          <reporter-output>
          </reporter-output>
        </test-method> <!-- afterClass -->
      </class> <!-- com.qa.orangeHRM.testcases.AddingPayGrades -->
      <class name="com.qa.orangeHRM.testcases.LoginTest">
        <test-method is-config="true" signature="beforeSuite()[pri:0, instance:com.qa.orangeHRM.testcases.LoginTest@40e10ff8]" started-at="2021-04-29T20:45:27 CDT" name="beforeSuite" finished-at="2021-04-29T20:45:27 CDT" duration-ms="105" status="PASS">
          <reporter-output>
          </reporter-output>
        </test-method> <!-- beforeSuite -->
        <test-method is-config="true" signature="beforeTest()[pri:0, instance:com.qa.orangeHRM.testcases.LoginTest@40e10ff8]" started-at="2021-04-29T20:45:27 CDT" name="beforeTest" finished-at="2021-04-29T20:45:27 CDT" duration-ms="1" status="PASS">
          <reporter-output>
          </reporter-output>
        </test-method> <!-- beforeTest -->
        <test-method is-config="true" signature="beforeClass()[pri:0, instance:com.qa.orangeHRM.testcases.LoginTest@40e10ff8]" started-at="2021-04-29T20:45:27 CDT" name="beforeClass" finished-at="2021-04-29T20:45:27 CDT" duration-ms="0" status="PASS">
          <reporter-output>
          </reporter-output>
        </test-method> <!-- beforeClass -->
        <test-method is-config="true" signature="beforeMethod(java.lang.String,java.lang.reflect.Method)[pri:0, instance:com.qa.orangeHRM.testcases.LoginTest@40e10ff8]" started-at="2021-04-29T20:45:27 CDT" name="beforeMethod" finished-at="2021-04-29T20:45:30 CDT" duration-ms="2798" status="PASS">
          <params>
            <param index="0">
              <value>
                <![CDATA[Chrome]]>
              </value>
            </param>
            <param index="1">
              <value>
                <![CDATA[public void com.qa.orangeHRM.testcases.LoginTest.VerifyLoginFunctionality() throws java.io.IOException]]>
              </value>
            </param>
          </params>
          <reporter-output>
          </reporter-output>
        </test-method> <!-- beforeMethod -->
        <test-method signature="VerifyLoginFunctionality()[pri:0, instance:com.qa.orangeHRM.testcases.LoginTest@40e10ff8]" started-at="2021-04-29T20:45:30 CDT" name="VerifyLoginFunctionality" finished-at="2021-04-29T20:45:31 CDT" duration-ms="1253" status="PASS">
          <reporter-output>
          </reporter-output>
        </test-method> <!-- VerifyLoginFunctionality -->
        <test-method is-config="true" signature="afterMethod()[pri:0, instance:com.qa.orangeHRM.testcases.LoginTest@40e10ff8]" started-at="2021-04-29T20:45:31 CDT" name="afterMethod" finished-at="2021-04-29T20:45:32 CDT" duration-ms="624" status="PASS">
          <reporter-output>
          </reporter-output>
        </test-method> <!-- afterMethod -->
        <test-method is-config="true" signature="afterClass()[pri:0, instance:com.qa.orangeHRM.testcases.LoginTest@40e10ff8]" started-at="2021-04-29T20:45:32 CDT" name="afterClass" finished-at="2021-04-29T20:45:32 CDT" duration-ms="0" status="PASS">
          <reporter-output>
          </reporter-output>
        </test-method> <!-- afterClass -->
        <test-method is-config="true" signature="afterTest()[pri:0, instance:com.qa.orangeHRM.testcases.LoginTest@40e10ff8]" started-at="2021-04-29T20:45:57 CDT" name="afterTest" finished-at="2021-04-29T20:45:57 CDT" duration-ms="0" status="PASS">
          <reporter-output>
          </reporter-output>
        </test-method> <!-- afterTest -->
        <test-method is-config="true" signature="afterSuite()[pri:0, instance:com.qa.orangeHRM.testcases.LoginTest@40e10ff8]" started-at="2021-04-29T20:45:57 CDT" name="afterSuite" finished-at="2021-04-29T20:45:57 CDT" duration-ms="184" status="PASS">
          <reporter-output>
          </reporter-output>
        </test-method> <!-- afterSuite -->
      </class> <!-- com.qa.orangeHRM.testcases.LoginTest -->
      <class name="com.qa.orangeHRM.testcases.EmpFileUpload">
        <test-method is-config="true" signature="beforeClass()[pri:0, instance:com.qa.orangeHRM.testcases.EmpFileUpload@21aa6d6c]" started-at="2021-04-29T20:45:49 CDT" name="beforeClass" finished-at="2021-04-29T20:45:49 CDT" duration-ms="1" status="PASS">
          <reporter-output>
          </reporter-output>
        </test-method> <!-- beforeClass -->
        <test-method is-config="true" signature="beforeMethod(java.lang.String,java.lang.reflect.Method)[pri:0, instance:com.qa.orangeHRM.testcases.EmpFileUpload@21aa6d6c]" started-at="2021-04-29T20:45:49 CDT" name="beforeMethod" finished-at="2021-04-29T20:45:51 CDT" duration-ms="2045" status="PASS">
          <params>
            <param index="0">
              <value>
                <![CDATA[Chrome]]>
              </value>
            </param>
            <param index="1">
              <value>
                <![CDATA[public void com.qa.orangeHRM.testcases.EmpFileUpload.EmpFileUpload()]]>
              </value>
            </param>
          </params>
          <reporter-output>
          </reporter-output>
        </test-method> <!-- beforeMethod -->
        <test-method signature="EmpFileUpload()[pri:0, instance:com.qa.orangeHRM.testcases.EmpFileUpload@21aa6d6c]" started-at="2021-04-29T20:45:51 CDT" name="EmpFileUpload" finished-at="2021-04-29T20:45:56 CDT" duration-ms="4812" status="PASS">
          <reporter-output>
          </reporter-output>
        </test-method> <!-- EmpFileUpload -->
        <test-method is-config="true" signature="afterMethod()[pri:0, instance:com.qa.orangeHRM.testcases.EmpFileUpload@21aa6d6c]" started-at="2021-04-29T20:45:56 CDT" name="afterMethod" finished-at="2021-04-29T20:45:57 CDT" duration-ms="625" status="PASS">
          <reporter-output>
          </reporter-output>
        </test-method> <!-- afterMethod -->
        <test-method is-config="true" signature="afterClass()[pri:0, instance:com.qa.orangeHRM.testcases.EmpFileUpload@21aa6d6c]" started-at="2021-04-29T20:45:57 CDT" name="afterClass" finished-at="2021-04-29T20:45:57 CDT" duration-ms="1" status="PASS">
          <reporter-output>
          </reporter-output>
        </test-method> <!-- afterClass -->
      </class> <!-- com.qa.orangeHRM.testcases.EmpFileUpload -->
    </test> <!-- Test -->
  </suite> <!-- Suite -->
</testng-results>
